make all --print-data-base --no-builtin-variables --no-builtin-rules --question
# GNU Make 4.2.1
# Built for x86_64-pc-linux-gnu
# Copyright (C) 1988-2016 Free Software Foundation, Inc.
# License GPLv3+: GNU GPL version 3 or later <http://gnu.org/licenses/gpl.html>
# This is free software: you are free to change and redistribute it.
# There is NO WARRANTY, to the extent permitted by law.

# Make data base, printed on Fri Jul 29 14:05:17 2022

# Variables

# 'override' directive
GNUMAKEFLAGS := 
# automatic
<D = $(patsubst %/,%,$(dir $<))
# automatic
?F = $(notdir $?)
# environment
DESKTOP_SESSION = ubuntu
# default
.SHELLFLAGS := -c
# environment
XDG_SESSION_CLASS = user
# environment
XDG_SESSION_TYPE = x11
# automatic
?D = $(patsubst %/,%,$(dir $?))
# environment
IM_CONFIG_PHASE = 1
# makefile (from 'Makefile', line 2)
INCLUDES = -I./src
# automatic
@D = $(patsubst %/,%,$(dir $@))
# environment
XAUTHORITY = /run/user/1000/gdm/Xauthority
# environment
GDMSESSION = ubuntu
# environment
XMODIFIERS = @im=ibus
# makefile
CURDIR := /home/moksha/Desktop/Github Repo/next-gen-os
# makefile
SHELL = /bin/sh
# environment
VSCODE_NLS_CONFIG = {"locale":"en-gb","availableLanguages":{},"_languagePackSupport":true}
# environment
_ = /usr/share/code/code
# environment
JOURNAL_STREAM = 8:50682
# environment
XDG_CONFIG_DIRS = /etc/xdg/xdg-ubuntu:/etc/xdg
# makefile (from 'Makefile', line 1)
MAKEFILE_LIST :=  Makefile
# automatic
@F = $(notdir $@)
# environment
GIO_LAUNCHED_DESKTOP_FILE = /usr/share/applications/code.desktop
# environment
USERNAME = moksha
# environment
XDG_DATA_DIRS = /usr/share/ubuntu:/usr/local/share/:/usr/share/:/var/lib/snapd/desktop
# environment
DBUS_SESSION_BUS_ADDRESS = unix:path=/run/user/1000/bus
# environment
MANAGERPID = 1758
# environment
LESSOPEN = | /usr/bin/lesspipe %s
# environment
VSCODE_CWD = /home/moksha
# default
MAKE_HOST := x86_64-pc-linux-gnu
# environment
PATH = /usr/local/sbin:/usr/local/bin:/usr/sbin:/usr/bin:/sbin:/bin:/usr/games:/usr/local/games:/snap/bin
# environment
GPG_AGENT_INFO = /run/user/1000/gnupg/S.gpg-agent:0:1
# environment
SESSION_MANAGER = local/moksha-HP-ProBook-x360-440-G1:@/tmp/.ICE-unix/2010,unix/moksha-HP-ProBook-x360-440-G1:/tmp/.ICE-unix/2010
# environment
XDG_RUNTIME_DIR = /run/user/1000
# environment
XDG_MENU_PREFIX = gnome-
# environment
ELECTRON_RUN_AS_NODE = 1
# environment
INVOCATION_ID = f7676576dade49b6922f119a01f536a7
# default
.FEATURES := target-specific order-only second-expansion else-if shortest-stem undefine oneshell archives jobserver output-sync check-symlink load
# environment
LS_COLORS = 
# environment
XDG_SESSION_DESKTOP = ubuntu
# environment
SSH_AUTH_SOCK = /run/user/1000/keyring/ssh
# environment
GIO_LAUNCHED_DESKTOP_FILE_PID = 5190
# automatic
%F = $(notdir $%)
# environment
DISPLAY = :1
# environment
PWD = /home/moksha/Desktop/Github Repo/next-gen-os
# default
.LOADED := 
# environment
SSH_AGENT_PID = 1975
# environment
ORIGINAL_XDG_CURRENT_DESKTOP = ubuntu:GNOME
# environment
GTK_MODULES = gail:atk-bridge
# environment
VSCODE_AMD_ENTRYPOINT = vs/workbench/api/node/extensionHostProcess
# environment
HOME = /home/moksha
# environment
LESSCLOSE = /usr/bin/lesspipe %s %s
# environment
VSCODE_CODE_CACHE_PATH = /home/moksha/.config/Code/CachedData/3b889b090b5ad5793f524b5d1d39fda662b96a2a
# environment
LOGNAME = moksha
# environment
APPLICATION_INSIGHTS_NO_DIAGNOSTIC_CHANNEL = 1
# environment
VSCODE_HANDLES_UNCAUGHT_ERRORS = true
# environment
GNOME_DESKTOP_SESSION_ID = this-is-deprecated
# automatic
^D = $(patsubst %/,%,$(dir $^))
# environment
MAKELEVEL := 0
# default
MAKE = $(MAKE_COMMAND)
# default
MAKECMDGOALS := all
# environment
QT_IM_MODULE = ibus
# environment
SHLVL = 0
# environment
GNOME_SHELL_SESSION_MODE = ubuntu
# default
MAKE_VERSION := 4.2.1
# environment
USER = moksha
# makefile
.DEFAULT_GOAL := all
# environment
XDG_CURRENT_DESKTOP = Unity
# automatic
%D = $(patsubst %/,%,$(dir $%))
# default
MAKE_COMMAND := make
# default
.VARIABLES := 
# automatic
*F = $(notdir $*)
# environment
LANGUAGE = en_IN:en
# environment
VSCODE_IPC_HOOK = /run/user/1000/vscode-990c7be8-1.69.2-main.sock
# makefile
MAKEFLAGS = pqrR
# environment
MFLAGS = -pqrR
# automatic
*D = $(patsubst %/,%,$(dir $*))
# automatic
+D = $(patsubst %/,%,$(dir $+))
# environment
GDK_BACKEND = x11
# automatic
+F = $(notdir $+)
# environment
QT_ACCESSIBILITY = 1
# default
MAKEFILES := 
# automatic
<F = $(notdir $<)
# environment
LC_ALL = C
# environment
GJS_DEBUG_TOPICS = JS ERROR;JS LOG
# automatic
^F = $(notdir $^)
# default
SUFFIXES := 
# makefile (from 'Makefile', line 3)
FLAGS = -g -ffreestanding -falign-jumps -falign-functions -falign-labels -falign-loops -fstrength-reduce -fomit-frame-pointer -finline-functions -Wno-unused-function -fno-builtin -Werror -Wno-unused-label -Wno-cpp -Wno-unused-parameter -nostdlib -nostartfiles -nodefaultlibs -Wall -O0 -Iinc
# environment
CHROME_DESKTOP = code-url-handler.desktop
# environment
WINDOWPATH = 2
# default
.INCLUDE_DIRS = /usr/include /usr/local/include /usr/include
# environment
GJS_DEBUG_OUTPUT = stderr
# default
.RECIPEPREFIX := 
# environment
LANG = C
# environment
VSCODE_PID = 5190
# makefile (from 'Makefile', line 1)
FILES = ./build/kernel.asm.o ./build/kernel.o
# variable set hash-table stats:
# Load=96/1024=9%, Rehash=0, Collisions=12/125=10%

# Pattern-specific Variable Values

# No pattern-specific variable values.

# Directories

# . (device 66313, inode 1061118): 10 files, no impossibilities.

# 10 files, no impossibilities in 1 directories.

# Implicit Rules

# No implicit rules.

# Files

all: bin/boot.bin bin/kernel.bin
#  Command line target.
#  Implicit rule search has not been done.
#  File does not exist.
#  File has been updated.
#  Needs to be updated (-q is set).
# variable set hash-table stats:
# Load=0/32=0%, Rehash=0, Collisions=0/3=0%
#  recipe to execute (from 'Makefile', line 5):
	rm -rf ./bin/os.bin
	dd if=./bin/boot.bin >> ./bin/os.bin
	dd if=./bin/kernel.bin >> ./bin/os.bin
	dd if=/dev/zero bs=512 count=100 >> ./bin/os.bin

# Not a target:
src/boot/boot.asm:
#  Implicit rule search has been done.
#  Last modified 2022-07-29 09:58:45.031509027
#  File has been updated.
#  Successfully updated.

bin/boot.bin: src/boot/boot.asm
#  Implicit rule search has not been done.
#  Last modified 2022-07-29 14:02:00.860100301
#  File has been updated.
#  Successfully updated.
#  recipe to execute (from 'Makefile', line 15):
	nasm -f bin ./src/boot/boot.asm -o ./bin/boot.bin

# Not a target:
.SUFFIXES:
#  Implicit rule search has not been done.
#  Modification time never checked.
#  File has not been updated.

# Not a target:
Makefile:
#  Implicit rule search has been done.
#  Last modified 2022-07-29 13:57:55.925722186
#  File has been updated.
#  Successfully updated.

build/kernel.asm.o: src/kernel.asm
#  Implicit rule search has not been done.
#  Implicit/static pattern stem: ''
#  Last modified 2022-07-29 14:02:00.864100867
#  File has been updated.
#  Needs to be updated (-q is set).
# automatic
# @ := build/kernel.asm.o
# automatic
# % := 
# automatic
# * := 
# automatic
# + := src/kernel.asm
# automatic
# | := 
# automatic
# < := src/kernel.asm
# automatic
# ^ := src/kernel.asm
# automatic
# ? := src/kernel.asm
# variable set hash-table stats:
# Load=8/32=25%, Rehash=0, Collisions=1/11=9%
#  recipe to execute (from 'Makefile', line 18):
	nasm -f elf -g ./src/kernel.asm -o ./build/kernel.asm.o

bin/kernel.bin: build/kernel.asm.o build/kernel.o
#  Implicit rule search has not been done.
 
#  Last modified 2022-07-29 14:02:00.896105395
#  File has been updated.
#  Needs to be updated (-q is set).
# variable set hash-table stats:
# Load=0/32=0%, Rehash=0, Collisions=0/3=0%
#  recipe to execute (from 'Makefile', line 11):
	i686-elf-ld -g -relocatable $(FILES) -o ./build/kernelfull.o
	i686-elf-gcc $(FLAGS) -T ./src/linker.ld -o ./bin/kernel.bin -ffreestanding -O0 -nostdlib ./build/kernelfull.o

# Not a target:
src/kernel.asm:
#  Implicit rule search has been done.
#  Last modified 2022-07-29 14:05:17.010492345
#  File has been updated.
#  Successfully updated.

build/kernel.o: src/kernel.c
#  Implicit rule search has not been done.
#  Modification time never checked.
#  File has not been updated.
#  recipe to execute (from 'Makefile', line 20):
	i686-elf-gcc $(INCLUDES) $(FLAGS) -std=gnu99 -c ./src/kernel.c -o ./build/kernel.o

# Not a target:
.DEFAULT:
#  Implicit rule search has not been done.
#  Modification time never checked.
#  File has not been updated.

clean:
#  Implicit rule search has not been done.
#  Modification time never checked.
#  File has not been updated.
#  recipe to execute (from 'Makefile', line 23):
	rm -rf ./bin/boot.bin
	rm -rf ./bin/kernel.bin
	rm -rf ./bin/os.bin
	rm -rf $(FILES)
	rm -rf ./build/kernelfull.o 

# Not a target:
src/kernel.c:
#  Implicit rule search has not been done.
#  Modification time never checked.
#  File has not been updated.

# files hash-table stats:
# Load=12/1024=1%, Rehash=0, Collisions=0/35=0%
# VPATH Search Paths

# No 'vpath' search paths.

# No general ('VPATH' variable) search path.

# strcache buffers: 1 (0) / strings = 23 / storage = 229 B / avg = 9 B
# current buf: size = 8162 B / used = 229 B / count = 23 / avg = 9 B

# strcache performance: lookups = 39 / hit rate = 41%
# hash-table stats:
# Load=23/8192=0%, Rehash=0, Collisions=1/39=3%
# Finished Make data base on Fri Jul 29 14:05:17 2022

 
